TN:
SF:js\app.js
FN:30,checkYearlyIncome
FN:45,checkZipcode
FN:63,checkRente
FN:75,checkStudieSchuld
FN:85,calculation
FN:117,showResult
FNF:6
FNH:4
FNDA:5,checkYearlyIncome
FNDA:9,checkZipcode
FNDA:5,checkRente
FNDA:0,checkStudieSchuld
FNDA:5,calculation
FNDA:0,showResult
DA:1,1
DA:2,1
DA:3,1
DA:4,1
DA:5,1
DA:6,1
DA:7,1
DA:8,1
DA:9,1
DA:10,1
DA:11,1
DA:12,1
DA:13,1
DA:14,1
DA:15,1
DA:16,1
DA:17,1
DA:18,1
DA:19,1
DA:20,1
DA:21,1
DA:22,1
DA:23,1
DA:24,1
DA:25,1
DA:26,1
DA:27,1
DA:28,1
DA:29,1
DA:30,1
DA:31,5
DA:32,1
DA:33,1
DA:34,0
DA:35,1
DA:36,1
DA:37,5
DA:38,5
DA:39,5
DA:40,1
DA:41,1
DA:42,1
DA:43,1
DA:44,1
DA:45,1
DA:46,9
DA:47,1
DA:48,1
DA:49,0
DA:50,1
DA:51,9
DA:52,4
DA:53,4
DA:54,0
DA:55,4
DA:56,4
DA:57,4
DA:58,4
DA:59,5
DA:60,5
DA:61,5
DA:62,1
DA:63,1
DA:64,5
DA:65,1
DA:66,1
DA:67,0
DA:68,1
DA:69,1
DA:70,5
DA:71,5
DA:72,5
DA:73,1
DA:74,1
DA:75,1
DA:76,0
DA:77,0
DA:78,0
DA:79,0
DA:80,0
DA:81,0
DA:82,0
DA:83,1
DA:84,1
DA:85,1
DA:86,5
DA:87,1
DA:88,1
DA:89,4
DA:90,4
DA:91,5
DA:92,0
DA:93,0
DA:94,4
DA:95,4
DA:96,4
DA:97,4
DA:98,4
DA:99,4
DA:100,4
DA:101,4
DA:102,4
DA:103,4
DA:104,4
DA:105,4
DA:106,4
DA:107,4
DA:108,4
DA:109,4
DA:110,4
DA:111,4
DA:112,4
DA:113,4
DA:114,4
DA:115,4
DA:116,1
DA:117,1
DA:118,0
DA:119,0
DA:120,0
DA:121,0
DA:122,0
DA:123,0
DA:124,0
DA:125,0
DA:126,0
DA:127,0
DA:128,0
DA:129,0
DA:130,0
DA:131,0
DA:132,0
DA:133,0
DA:134,0
DA:135,0
DA:136,0
DA:137,0
DA:138,0
DA:139,0
DA:140,0
DA:141,0
DA:142,1
DA:143,1
DA:144,0
DA:145,0
DA:146,0
DA:147,0
DA:148,0
DA:149,0
DA:150,0
DA:151,0
DA:152,0
DA:153,0
DA:154,0
DA:155,0
DA:156,0
DA:157,0
DA:158,0
DA:159,0
DA:160,0
DA:161,0
DA:162,0
DA:163,0
DA:164,0
DA:165,0
DA:166,1
DA:167,1
DA:168,1
DA:169,1
DA:170,0
DA:171,0
DA:172,0
DA:173,0
DA:174,0
DA:175,0
DA:176,0
DA:177,0
DA:178,0
DA:179,1
DA:180,1
DA:181,1
DA:182,1
DA:183,1
DA:184,1
DA:185,1
DA:186,1
DA:187,1
DA:188,1
LF:188
LH:120
BRDA:143,0,0,0
BRDA:169,1,0,0
BRDA:30,2,0,5
BRDA:31,3,0,4
BRDA:31,4,0,1
BRDA:32,5,0,0
BRDA:45,6,0,9
BRDA:46,7,0,8
BRDA:46,8,0,1
BRDA:47,9,0,0
BRDA:51,10,0,8
BRDA:51,11,0,6
BRDA:51,12,0,5
BRDA:51,13,0,4
BRDA:52,14,0,0
BRDA:58,15,0,5
BRDA:63,16,0,5
BRDA:64,17,0,4
BRDA:64,18,0,1
BRDA:65,19,0,0
BRDA:85,20,0,5
BRDA:86,21,0,4
BRDA:86,22,0,4
BRDA:86,23,0,1
BRDA:88,24,0,4
BRDA:91,25,0,0
BRDA:93,26,0,4
BRF:27
BRH:20
end_of_record
